"../../../Engine/Content/EngineMaterials/T_Default_Material_Grid_N.uasset" 0
"../../../Engine/Content/EngineMaterials/T_Default_Material_Grid_M.uasset" 1
"../../../Engine/Content/Functions/Engine_MaterialFunctions01/Opacity/CameraDepthFade.uasset" 2
"../../../Engine/Content/EngineMaterials/WorldGridMaterial.uasset" 3
"../../../Engine/Content/ArtTools/RenderToTexture/Meshes/S_1_Unit_Plane.uasset" 4
"../../../Engine/Content/EngineMaterials/DefaultMaterial.uasset" 5
"../../../Engine/Content/BasicShapes/Cone.uasset" 6
"../../../Engine/Content/EngineMaterials/DefaultPhysicalMaterial.uasset" 7
"../../../Engine/Content/BufferVisualization/AmbientOcclusion.uasset" 8
"../../../Engine/Content/Functions/Engine_MaterialFunctions02/Utility/AppendMany.uasset" 9
"../../../Engine/Content/BufferVisualization/Anisotropy.uasset" 10
"../../../Engine/Content/BufferVisualization/BaseColor.uasset" 11
"../../../Engine/Content/BufferVisualization/CustomDepth.uasset" 12
"../../../Engine/Content/Functions/Engine_MaterialFunctions02/Utility/VectorLength.uasset" 13
"../../../Engine/Content/BufferVisualization/CustomDepthWorldUnits.uasset" 14
"../../../Engine/Content/EngineMaterials/MiniFont.uasset" 15
"../../../Engine/Content/Functions/Engine_MaterialFunctions02/Utility/MakeFloat3.uasset" 16
"../../../Engine/Content/Functions/Engine_MaterialFunctions02/Utility/MakeFloat2.uasset" 17
"../../../Engine/Content/Functions/Engine_MaterialFunctions02/ScreenResolution.uasset" 18
"../../../Engine/Content/Functions/Engine_MaterialFunctions02/Utility/BreakOutFloat2Components.uasset" 19
"../../../Engine/Content/Functions/Engine_MaterialFunctions01/Texturing/ScaleUVsByCenter.uasset" 20
"../../../Engine/Content/Functions/Engine_MaterialFunctions02/Texturing/ScreenAlignedUVs.uasset" 21
"../../../Engine/Content/BufferVisualization/CustomStencil.uasset" 22
"../../../Engine/Content/BufferVisualization/FinalImage.uasset" 23
"../../../Engine/Content/BufferVisualization/LightingModel.uasset" 24
"../../../Engine/Content/BufferVisualization/MaterialAO.uasset" 25
"../../../Engine/Content/BufferVisualization/Metallic.uasset" 26
"../../../Engine/Content/BufferVisualization/Opacity.uasset" 27
"../../../Engine/Content/BufferVisualization/PostTonemapHDRColor.uasset" 28
"../../../Engine/Content/BufferVisualization/PreTonemapHDRColor.uasset" 29
"../../../Engine/Content/BufferVisualization/Roughness.uasset" 30
"../../../Engine/Content/BufferVisualization/SceneColor.uasset" 31
"../../../Engine/Content/BufferVisualization/SceneDepth.uasset" 32
"../../../Engine/Content/BufferVisualization/SceneDepthWorldUnits.uasset" 33
"../../../Engine/Content/BufferVisualization/SeparateTranslucencyA.uasset" 34
"../../../Engine/Content/BufferVisualization/SeparateTranslucencyRGB.uasset" 35
"../../../Engine/Content/BufferVisualization/Specular.uasset" 36
"../../../Engine/Content/BufferVisualization/SubsurfaceColor.uasset" 37
"../../../Engine/Content/BufferVisualization/Velocity.uasset" 38
"../../../Engine/Content/BufferVisualization/WorldNormal.uasset" 39
"../../../Engine/Content/BufferVisualization/WorldTangent.uasset" 40
"../../../Engine/Content/EditorLandscapeResources/DataLayer.uasset" 41
"../../../Engine/Content/EditorLandscapeResources/DefaultAlphaTexture.uasset" 42
"../../../Engine/Content/EditorLandscapeResources/LandscapeGizmoHeight_Mat.uasset" 43
"../../../Engine/Content/EditorLandscapeResources/LandscapeGizmo_Mat.uasset" 44
"../../../Engine/Content/EditorLandscapeResources/LandscapeGizmo_Mat_Copied.uasset" 45
"../../../Engine/Content/EditorLandscapeResources/SplineEditorMeshMat.uasset" 46
"../../../Engine/Content/EditorLandscapeResources/SplineEditorMesh.uasset" 47
"../../../Engine/Content/EditorMaterials/Cross.uasset" 48
"../../../Engine/Content/EditorMaterials/Cross_Mat.uasset" 49
"../../../Engine/Content/EditorResources/T_EditorHelp.uasset" 50
"../../../Engine/Content/Functions/Engine_MaterialFunctions02/Utility/Sign.uasset" 51
"../../../Engine/Content/Functions/Engine_MaterialFunctions02/Utility/Round.uasset" 52
"../../../Engine/Content/Functions/Engine_MaterialFunctions02/ExampleContent/Textures/DebugNumberPeriod.uasset" 53
"../../../Engine/Content/Functions/Engine_MaterialFunctions02/ExampleContent/DebugNumberStrip.uasset" 54
"../../../Engine/Content/EngineMaterials/DefaultDiffuse.uasset" 55
"../../../Engine/Content/Functions/Engine_MaterialFunctions01/Texturing/TextureCropping.uasset" 56
"../../../Engine/Content/Functions/Engine_MaterialFunctions01/Texturing/ComputeMipLevel.uasset" 57
"../../../Engine/Content/Functions/Engine_MaterialFunctions02/Utility/DebugScalarValues.uasset" 58
"../../../Engine/Content/Functions/Engine_MaterialFunctions02/Utility/DebugFloat2Values.uasset" 59
"../../../Engine/Content/Functions/Engine_MaterialFunctions02/ExampleContent/Textures/flipbook.uasset" 60
"../../../Engine/Content/Functions/Engine_MaterialFunctions02/Texturing/FlipBook.uasset" 61
"../../../Engine/Content/EditorMaterials/HelpActorMaterial.uasset" 62
"../../../Engine/Content/Functions/Engine_MaterialFunctions03/Procedurals/ComputeFilterWidth.uasset" 63
"../../../Engine/Content/EngineMaterials/BlendFunc_DefBlend.uasset" 64
"../../../Engine/Content/EngineMaterials/BlendFunc_DefBase.uasset" 65
"../../../Engine/Content/Functions/Engine_MaterialFunctions03/Blends/Blend_Screen.uasset" 66
"../../../Engine/Content/EditorMaterials/TilingAALineIntegral.uasset" 67
"../../../Engine/Content/EditorMaterials/TilingAALineBoxFiltered.uasset" 68
"../../../Engine/Content/EditorMaterials/TilingAAGrid.uasset" 69
"../../../Engine/Content/EditorMaterials/TilingAADots.uasset" 70
"../../../Engine/Content/EditorMaterials/CompositeARGBLayer.uasset" 71
"../../../Engine/Content/EditorMaterials/LevelGridMaterial.uasset" 72
"../../../Engine/Content/EditorResources/LevelGrid1DStripes.uasset" 73
"../../../Engine/Content/EditorMaterials/TextureGridCascaded1D.uasset" 74
"../../../Engine/Content/EditorMaterials/TextureGridCascaded2D.uasset" 75
"../../../Engine/Content/EditorMaterials/MakeCompositeARGBLayer.uasset" 76
"../../../Engine/Content/EditorMaterials/LevelGridMaterial2.uasset" 77
"../../../Engine/Content/EditorMaterials/MAT_Groups_Toggle.uasset" 78
"../../../Engine/Content/EditorMaterials/MAT_Groups_Visibility.uasset" 79
"../../../Engine/Content/EditorMaterials/PhAT_BoneSelectedMaterial.uasset" 80
"../../../Engine/Content/EditorMaterials/PhAT_ElemSelectedMaterial.uasset" 81
"../../../Engine/Content/EditorMaterials/PhAT_NoCollisionMaterial.uasset" 82
"../../../Engine/Content/EditorMaterials/PhAT_UnselectedMaterial.uasset" 83
"../../../Engine/Content/EditorMaterials/PreviewShadowIndicator.uasset" 84
"../../../Engine/Content/EditorMaterials/PreviewShadowIndicatorMaterial.uasset" 85
"../../../Engine/Content/EditorMaterials/TargetIcon.uasset" 86
"../../../Engine/Content/EditorMaterials/Tick.uasset" 87
"../../../Engine/Content/EditorMaterials/Tick_Mat.uasset" 88
"../../../Engine/Content/EditorMaterials/WidgetGridVertexColorMaterial.uasset" 89
"../../../Engine/Content/EditorMaterials/WidgetGridVertexColorMaterial_Ma.uasset" 90
"../../../Engine/Content/EditorMaterials/WidgetMaterial.uasset" 91
"../../../Engine/Content/EditorMaterials/WidgetMaterial_Current.uasset" 92
"../../../Engine/Content/EditorMaterials/WidgetMaterial_X.uasset" 93
"../../../Engine/Content/EditorMaterials/WidgetMaterial_Y.uasset" 94
"../../../Engine/Content/EditorMaterials/WidgetMaterial_Z.uasset" 95
"../../../Engine/Content/EditorMaterials/WidgetVertexColorMaterial.uasset" 96
"../../../Engine/Content/EditorMaterials/MatineeGroups/MAT_ColorTrack.uasset" 97
"../../../Engine/Content/EditorMaterials/MatineeGroups/MAT_Groups_Anim.uasset" 98
"../../../Engine/Content/EditorMaterials/MatineeGroups/MAT_Groups_AudioMaster.uasset" 99
"../../../Engine/Content/EditorMaterials/MatineeGroups/MAT_Groups_Director.uasset" 100
"../../../Engine/Content/EditorMaterials/MatineeGroups/MAT_Groups_Event.uasset" 101
"../../../Engine/Content/EditorMaterials/MatineeGroups/MAT_Groups_Fade.uasset" 102
"../../../Engine/Content/EditorMaterials/MatineeGroups/MAT_Groups_Float.uasset" 103
"../../../Engine/Content/EditorMaterials/MatineeGroups/MAT_Groups_Move.uasset" 104
"../../../Engine/Content/EditorMaterials/MatineeGroups/MAT_Groups_Slomo.uasset" 105
"../../../Engine/Content/EditorMaterials/MatineeGroups/MAT_Groups_Sound.uasset" 106
"../../../Engine/Content/EditorMaterials/MatineeGroups/MAT_Groups_Vector.uasset" 107
"../../../Engine/Content/EditorMaterials/ParticleSystems/PSysThumbnail_NoImage.uasset" 108
"../../../Engine/Content/EditorMaterials/ParticleSystems/PSysThumbnail_OOD.uasset" 109
"../../../Engine/Content/EngineMaterials/Grid.uasset" 110
"../../../Engine/Content/EditorMaterials/Thumbnails/FloorPlaneMaterial.uasset" 111
"../../../Engine/Content/EditorMeshes/EditorCube.uasset" 112
"../../../Engine/Content/EditorMeshes/EditorCylinder.uasset" 113
"../../../Engine/Content/EditorMeshes/EditorPlane.uasset" 114
"../../../Engine/Content/EditorMaterials/Thumbnails/SkySphereMaterial.uasset" 115
"../../../Engine/Content/EditorMeshes/EditorSkySphere.uasset" 116
"../../../Engine/Content/EditorMeshes/EditorSphere.uasset" 117
"../../../Engine/Content/EditorResources/MatineeCam_D.uasset" 118
"../../../Engine/Content/EditorMaterials/MatineeCam_mat.uasset" 119
"../../../Engine/Content/EditorMeshes/MatineeCam_SM.uasset" 120
"../../../Engine/Content/EditorMeshes/PlanarReflectionPlane.uasset" 121
"../../../Engine/Content/EngineDebugMaterials/M_SimpleOpaque.uasset" 122
"../../../Engine/Content/EditorMaterials/Camera/MI_CineMat_CamViewFinder.uasset" 123
"../../../Engine/Content/EditorMaterials/Camera/CineMat.uasset" 124
"../../../Engine/Content/EditorMaterials/Camera/MI_CineMat_CameraBody.uasset" 125
"../../../Engine/Content/EditorMeshes/Camera/SM_CineCam.uasset" 126
"../../../Engine/Content/EditorMaterials/Camera/MI_CineMat_Rig.uasset" 127
"../../../Engine/Content/EditorMeshes/Camera/SM_CraneRig_Arm.uasset" 128
"../../../Engine/Content/EditorMeshes/Camera/SM_CraneRig_Base.uasset" 129
"../../../Engine/Content/EditorMeshes/Camera/SM_CraneRig_Body.uasset" 130
"../../../Engine/Content/EditorMeshes/Camera/SM_CraneRig_Mount.uasset" 131
"../../../Engine/Content/EditorMeshes/Camera/SM_RailRig_Mount.uasset" 132
"../../../Engine/Content/EditorMeshes/Camera/SM_RailRig_Track.uasset" 133
"../../../Engine/Content/EditorMeshes/ColorCalibrator/M_ChromeBall.uasset" 134
"../../../Engine/Content/EditorResources/Bad.uasset" 135
"../../../Engine/Content/EditorResources/BSPVertex.uasset" 136
"../../../Engine/Content/EditorResources/EmptyActor.uasset" 137
"../../../Engine/Content/EditorResources/MatInstActSprite.uasset" 138
"../../../Engine/Content/EditorResources/SceneManager.uasset" 139
"../../../Engine/Content/EditorResources/SmallFont.uasset" 140
"../../../Engine/Content/EditorResources/S_Actor.uasset" 141
"../../../Engine/Content/EditorResources/S_CameraShakeSource.uasset" 142
"../../../Engine/Content/EditorResources/S_DecalActorIcon.uasset" 143
"../../../Engine/Content/EditorResources/S_Emitter.uasset" 144
"../../../Engine/Content/EditorResources/S_ExpoHeightFog.uasset" 145
"../../../Engine/Content/EditorResources/S_FTest.uasset" 146
"../../../Engine/Content/EditorResources/S_KBSJoint.uasset" 147
"../../../Engine/Content/EditorResources/S_KHinge.uasset" 148
"../../../Engine/Content/EditorResources/S_KPrismatic.uasset" 149
"../../../Engine/Content/EditorResources/S_LevelSequence.uasset" 150
"../../../Engine/Content/EditorResources/S_NavP.uasset" 151
"../../../Engine/Content/EditorResources/S_Note.uasset" 152
"../../../Engine/Content/EditorResources/S_Player.uasset" 153
"../../../Engine/Content/EditorResources/S_PortalActorIcon2.uasset" 154
"../../../Engine/Content/EditorResources/S_RadForce.uasset" 155
"../../../Engine/Content/EditorResources/S_ReflActorIcon.uasset" 156
"../../../Engine/Content/EditorResources/S_SkyAtmosphere.uasset" 157
"../../../Engine/Content/EditorResources/S_Solver.uasset" 158
"../../../Engine/Content/EditorResources/S_Terrain.uasset" 159
"../../../Engine/Content/EditorResources/S_TextRenderActorIcon.uasset" 160
"../../../Engine/Content/EditorResources/S_Thruster.uasset" 161
"../../../Engine/Content/EditorResources/S_Trigger.uasset" 162
"../../../Engine/Content/EditorResources/S_VectorFieldVol.uasset" 163
"../../../Engine/Content/EditorResources/S_VolumetricCloud.uasset" 164
"../../../Engine/Content/EditorResources/S_WindDirectional.uasset" 165
"../../../Engine/Content/EditorResources/AI/S_NavLink.uasset" 166
"../../../Engine/Content/EditorResources/LightIcons/SkyLight.uasset" 167
"../../../Engine/Content/EditorResources/LightIcons/S_LightDirectional.uasset" 168
"../../../Engine/Content/EditorResources/LightIcons/S_LightDirectionalMove.uasset" 169
"../../../Engine/Content/EditorResources/LightIcons/S_LightError.uasset" 170
"../../../Engine/Content/EditorResources/LightIcons/S_LightPoint.uasset" 171
"../../../Engine/Content/EditorResources/LightIcons/S_LightPointMove.uasset" 172
"../../../Engine/Content/EditorResources/LightIcons/S_LightSpot.uasset" 173
"../../../Engine/Content/EditorResources/LightIcons/S_LightSpotMove.uasset" 174
"../../../Engine/Content/EditorResources/SequenceRecorder/Countdown.uasset" 175
"../../../Engine/Content/EditorResources/SequenceRecorder/RecordingIndicator.uasset" 176
"../../../Engine/Content/EditorResources/Spline/T_Loft_Spline.uasset" 177
"../../../Engine/Content/EditorSounds/Notifications/CompileSuccess.uasset" 178
"../../../Engine/Content/EditorSounds/Notifications/CompileStart_Cue.uasset" 179
"../../../Engine/Content/EngineDamageTypes/DmgTypeBP_Environmental.uasset" 180
"../../../Engine/Content/EngineDebugMaterials/HeatmapGradient.uasset" 181
"../../../Engine/Content/EngineDebugMaterials/BoneWeightMaterial.uasset" 182
"../../../Engine/Content/EngineDebugMaterials/ClothMaterial.uasset" 183
"../../../Engine/Content/EngineDebugMaterials/ClothMaterial_WF.uasset" 184
"../../../Engine/Content/EngineDebugMaterials/DebugEditorMaterial.uasset" 185
"../../../Engine/Content/EngineDebugMaterials/DebugMeshMaterial.uasset" 186
"../../../Engine/Content/EngineDebugMaterials/GeomMaterial.uasset" 187
"../../../Engine/Content/Functions/Engine_MaterialFunctions01/Shading/ConvertFromDiffSpec.uasset" 188
"../../../Engine/Content/EngineDebugMaterials/LevelColorationLitMaterial.uasset" 189
"../../../Engine/Content/EngineDebugMaterials/LevelColorationUnlitMaterial.uasset" 190
"../../../Engine/Content/EngineMaterials/DefaultWhiteGrid.uasset" 191
"../../../Engine/Content/EngineDebugMaterials/MAT_LevelColorationLitLightmapUV.uasset" 192
"../../../Engine/Content/EngineDebugMaterials/M_SimpleUnlitTranslucent.uasset" 193
"../../../Engine/Content/EngineDebugMaterials/VolumeToRender.uasset" 194
"../../../Engine/Content/Functions/Engine_MaterialFunctions02/Utility/CameraDirectionVector.uasset" 195
"../../../Engine/Content/EngineDebugMaterials/M_VolumeRenderSphereTracePP.uasset" 196
"../../../Engine/Content/EngineMaterials/DefaultWhiteGrid_Low.uasset" 197
"../../../Engine/Content/EngineDebugMaterials/PhysicalMaterialMaskMaterial.uasset" 198
"../../../Engine/Content/EngineDebugMaterials/ShadedLevelColorationLitMaterial.uasset" 199
"../../../Engine/Content/EngineDebugMaterials/ShadedLevelColorationUnlitMateri.uasset" 200
"../../../Engine/Content/EngineDebugMaterials/VertexColorMaterial.uasset" 201
"../../../Engine/Content/EngineDebugMaterials/VertexColorViewMode_AlphaAsColor.uasset" 202
"../../../Engine/Content/EngineDebugMaterials/VertexColorViewMode_BlueOnly.uasset" 203
"../../../Engine/Content/EngineDebugMaterials/VertexColorViewMode_ColorOnly.uasset" 204
"../../../Engine/Content/EngineDebugMaterials/VertexColorViewMode_GreenOnly.uasset" 205
"../../../Engine/Content/EngineDebugMaterials/VertexColorViewMode_RedOnly.uasset" 206
"../../../Engine/Content/EngineDebugMaterials/WireframeMaterial.uasset" 207
"../../../Engine/Content/EngineFonts/Faces/RobotoRegular.uasset" 208
"../../../Engine/Content/EngineFonts/Faces/RobotoLight.uasset" 209
"../../../Engine/Content/EngineFonts/Faces/RobotoItalic.uasset" 210
"../../../Engine/Content/EngineFonts/Faces/RobotoBoldItalic.uasset" 211
"../../../Engine/Content/EngineFonts/Faces/RobotoBold.uasset" 212
"../../../Engine/Content/EngineFonts/Faces/DroidSansFallback.uasset" 213
"../../../Engine/Content/EngineFonts/Roboto.uasset" 214
"../../../Engine/Content/EngineFonts/Faces/RobotoTiny.uasset" 215
"../../../Engine/Content/EngineFonts/RobotoTiny.uasset" 216
"../../../Engine/Content/EngineFonts/SmallFont.uasset" 217
"../../../Engine/Content/EngineFonts/TinyFont.uasset" 218
"../../../Engine/Content/EngineMaterials/BaseFlattenNormalMap.uasset" 219
"../../../Engine/Content/EngineMaterials/BaseFlattenGrayscaleMap.uasset" 220
"../../../Engine/Content/EngineMaterials/BaseFlattenEmissiveMap.uasset" 221
"../../../Engine/Content/EngineMaterials/BaseFlattenDiffuseMap.uasset" 222
"../../../Engine/Content/EngineMaterials/BaseFlattenMaterial.uasset" 223
"../../../Engine/Content/EngineResources/WhiteSquareTexture.uasset" 224
"../../../Engine/Content/EngineMaterials/BlinkingCaret.uasset" 225
"../../../Engine/Content/EngineMaterials/BlueNoise.uasset" 226
"../../../Engine/Content/EngineMaterials/DefaultBloomKernel.uasset" 227
"../../../Engine/Content/EngineMaterials/DefaultBokeh.uasset" 228
"../../../Engine/Content/EngineMaterials/DefaultDeferredDecalMaterial.uasset" 229
"../../../Engine/Content/EngineMaterials/DefaultLightFunctionMaterial.uasset" 230
"../../../Engine/Content/EngineMaterials/DefaultNormal.uasset" 231
"../../../Engine/Content/EngineMaterials/DefaultPostProcessMaterial.uasset" 232
"../../../Engine/Content/EngineFonts/RobotoDistanceField.uasset" 233
"../../../Engine/Content/EngineMaterials/DefaultTextMaterialOpaque.uasset" 234
"../../../Engine/Content/EngineMaterials/EditorBrushMaterial.uasset" 235
"../../../Engine/Content/EngineMaterials/EmissiveMeshMaterial.uasset" 236
"../../../Engine/Content/EngineMaterials/GizmoMaterial.uasset" 237
"../../../Engine/Content/EngineMaterials/Good64x64TilingNoiseHighFreq.uasset" 238
"../../../Engine/Content/EngineMaterials/Grid_N.uasset" 239
"../../../Engine/Content/EngineMaterials/HighResolutionScreenshotMaskFunction.uasset" 240
"../../../Engine/Content/EngineMaterials/HighResScreenshot.uasset" 241
"../../../Engine/Content/EngineMaterials/HighResScreenshotCaptureRegion.uasset" 242
"../../../Engine/Content/EngineMaterials/HighResScreenshotMask.uasset" 243
"../../../Engine/Content/EngineMaterials/LandscapeHolePhysicalMaterial.uasset" 244
"../../../Engine/Content/EngineMaterials/InvalidLightmapSettings.uasset" 245
"../../../Engine/Content/EngineMaterials/M_InvalidLightmapSettings.uasset" 246
"../../../Engine/Content/EngineMaterials/PaperDiffuse.uasset" 247
"../../../Engine/Content/EngineMaterials/PaperNormal.uasset" 248
"../../../Engine/Content/Functions/Engine_MaterialFunctions02/WorldPositionOffset/CameraOffset.uasset" 249
"../../../Engine/Content/EngineMaterials/PhAT_JointLimitMaterial.uasset" 250
"../../../Engine/Content/EngineMaterials/PhysMat_Rubber.uasset" 251
"../../../Engine/Content/EngineMaterials/PreintegratedSkinBRDF.uasset" 252
"../../../Engine/Content/EngineMaterials/RemoveSurfaceMaterial.uasset" 253
"../../../Engine/Content/EngineMaterials/WeightMapPlaceholderTexture.uasset" 254
"../../../Engine/Content/Functions/Engine_MaterialFunctions01/ImageAdjustment/sRGBToLinear.uasset" 255
"../../../Engine/Content/Functions/Engine_MaterialFunctions02/Utility/BreakOutFloat3Components.uasset" 256
"../../../Engine/Content/EngineMaterials/Widget3DCameraPassThrough_Opaque_OneSided.uasset" 257
"../../../Engine/Content/EngineMaterials/Widget3DPassThrough.uasset" 258
"../../../Engine/Content/EngineMaterials/Widget3DPassThrough_Masked.uasset" 259
"../../../Engine/Content/EngineMaterials/Widget3DPassThrough_Opaque.uasset" 260
"../../../Engine/Content/EngineMaterials/Widget3DPassThrough_Masked_OneSided.uasset" 261
"../../../Engine/Content/EngineMaterials/Widget3DPassThrough_Opaque_OneSided.uasset" 262
"../../../Engine/Content/EngineMaterials/Widget3DPassThrough_Translucent.uasset" 263
"../../../Engine/Content/EngineMaterials/Widget3DPassThrough_Translucent_OneSided.uasset" 264
"../../../Engine/Content/EngineMeshes/Cylinder.uasset" 265
"../../../Engine/Content/EngineMeshes/Sphere.uasset" 266
"../../../Engine/Content/EngineResources/Black.uasset" 267
"../../../Engine/Content/EngineResources/DefaultTextureCube.uasset" 268
"../../../Engine/Content/EngineResources/DefaultVolumeTexture2D.uasset" 269
"../../../Engine/Content/EngineResources/DefaultVolumeTexture.uasset" 270
"../../../Engine/Content/EngineResources/GradientTexture0.uasset" 271
"../../../Engine/Content/EngineResources/StreamingPauseIcon.uasset" 272
"../../../Engine/Content/EngineResources/M_StreamingPause.uasset" 273
"../../../Engine/Content/EngineSky/VolumetricClouds/T_NoiseShape64.uasset" 274
"../../../Engine/Content/EngineSky/VolumetricClouds/T_VolumeNoiseShape64.uasset" 275
"../../../Engine/Content/EngineSky/VolumetricClouds/T_NoiseErosion.uasset" 276
"../../../Engine/Content/EngineSky/VolumetricClouds/T_VolumeNoiseErosion32.uasset" 277
"../../../Engine/Content/EngineSky/VolumetricClouds/CloudWeatherTexture.uasset" 278
"../../../Engine/Content/EngineSky/VolumetricClouds/CloudGradientTexture.uasset" 279
"../../../Engine/Content/EngineSky/VolumetricClouds/m_SimpleVolumetricCloud.uasset" 280
"../../../Engine/Content/EngineSky/VolumetricClouds/m_SimpleVolumetricCloud_Inst.uasset" 281
"../../../Engine/Content/EngineSounds/Master.uasset" 282
"../../../Engine/Content/Functions/Engine_MaterialFunctions01/Shading/PowerToRoughness.uasset" 283
"../../../Engine/Content/Maps/Templates/Thumbnails/Default.uasset" 284
"../../../Engine/Content/Maps/Templates/Thumbnails/TimeOfDay.uasset" 285
"../../../Engine/Content/Maps/Templates/Thumbnails/VR-Basic.uasset" 286
"../../../Engine/Content/MapTemplates/Sky/DaylightAmbientCubemap.uasset" 287
"../../../Engine/Content/MobileResources/T_MobileControls_texture.uasset" 288
"../../../Engine/Content/MobileResources/T_MobileMenu2.uasset" 289
"../../../Engine/Content/MobileResources/HUD/AnalogHat.uasset" 290
"../../../Engine/Content/MobileResources/HUD/VirtualJoystick_Thumb.uasset" 291
"../../../Engine/Content/MobileResources/HUD/VirtualJoystick_Background.uasset" 292
"../../../Engine/Content/MobileResources/HUD/DefaultVirtualJoysticks.uasset" 293
"../../../Engine/Content/MobileResources/HUD/LeftVirtualJoystickOnly.uasset" 294
"../../../Engine/Content/MobileResources/HUD/MobileHUDButton1_off.uasset" 295
"../../../Engine/Content/MobileResources/HUD/MobileHUDButton1_on.uasset" 296
"../../../Engine/Content/MobileResources/HUD/MobileHUDButton2_off.uasset" 297
"../../../Engine/Content/MobileResources/HUD/MobileHUDButton2_on.uasset" 298
"../../../Engine/Content/MobileResources/HUD/MobileHUDButton3.uasset" 299
"../../../Engine/Content/MobileResources/HUD/MobileHUDButtonFire.uasset" 300
"../../../Engine/Content/MobileResources/HUD/MobileHUDDirectionPad.uasset" 301
"../../../Engine/Content/MobileResources/HUD/MobileHUDDirectionPad2.uasset" 302
"../../../Engine/Content/MobileResources/HUD/MobileHUDDirectionPad3.uasset" 303
"../../../Engine/Content/MobileResources/HUD/MobileHUDDirectionStick.uasset" 304
"../../../Engine/Content/MobileResources/HUD/T_Castle_ThumbstickInner.uasset" 305
"../../../Engine/Content/MobileResources/HUD/T_Castle_ThumbstickOutter.uasset" 306
"../../../Engine/Content/Tutorial/ContentIntroCurve.uasset" 307
"../../../Engine/Content/Tutorial/Basics/LevelEditorAttract.uasset" 308
"../../../Engine/Content/Tutorial/Basics/TutorialAssets/icon_tab_Levels_40x.uasset" 309
"../../../Engine/Content/Tutorial/Basics/LevelEditorOverview.uasset" 310
"../../../Engine/Content/Tutorial/Installation/InstallingVisualStudioTutorial.uasset" 311
"../../../Engine/Content/VREditor/TransformGizmo/TranslucentTransformGizmoMaterial.uasset" 312
"../../../Engine/Content/VREditor/LaserPointer/VR_LaserPower_01.uasset" 313
"../../../Engine/Content/VREditor/TransformGizmo/TransformGizmoMaterial.uasset" 314
"../../../Engine/Content/VREditor/TransformGizmo/BoundingBoxCorner.uasset" 315
"../../../Engine/Content/VREditor/TransformGizmo/BoundingBoxEdge.uasset" 316
"../../../Engine/Content/VREditor/TransformGizmo/PlaneTranslationHandle.uasset" 317
"../../../Engine/Content/VREditor/TransformGizmo/Xray.uasset" 318
"../../../Engine/Content/VREditor/TransformGizmo/Main.uasset" 319
"../../../Engine/Content/VREditor/TransformGizmo/SM_Sequencer_Key.uasset" 320
"../../../Engine/Content/VREditor/TransformGizmo/SM_Sequencer_Node.uasset" 321
"../../../../UE_WORKSPACE/Projects/Multitascats/Content/Multitascats/GlobalBlueprints/BP_GameInstance.uasset" 322
"../../../../UE_WORKSPACE/Projects/Multitascats/Content/Multitascats/GlobalBlueprints/BP_PlayerController.uasset" 323
"../../../../UE_WORKSPACE/Projects/Multitascats/Content/LowPoly_Cat/Meshes/PhysicsAsset_Cat.uasset" 324
"../../../../UE_WORKSPACE/Projects/Multitascats/Content/LowPoly_Cat/Textures/PolyArt_Cats_Spec.uasset" 325
"../../../../UE_WORKSPACE/Projects/Multitascats/Content/LowPoly_Cat/Textures/PolyArt_Cats_Normal.uasset" 326
"../../../../UE_WORKSPACE/Projects/Multitascats/Content/LowPoly_Cat/Textures/PolyArt_Cats_color.uasset" 327
"../../../../UE_WORKSPACE/Projects/Multitascats/Content/LowPoly_Cat/Materials/M_LowPoly_Cat.uasset" 328
"../../../../UE_WORKSPACE/Projects/Multitascats/Content/LowPoly_Cat/Meshes/Skeleton_Cat.uasset" 329
"../../../../UE_WORKSPACE/Projects/Multitascats/Content/LowPoly_Cat/Meshes/Mesh_Cat_Red_White.uasset" 330
"../../../../UE_WORKSPACE/Projects/Multitascats/Content/Multitascats/Character/BP_CatParent.uasset" 331
"../../../../UE_WORKSPACE/Projects/Multitascats/Content/Multitascats/Character/BP_MainCat_Left.uasset" 332
"../../../../UE_WORKSPACE/Projects/Multitascats/Content/Multitascats/GlobalBlueprints/BP_GameMode.uasset" 333
"../../Plugins/2D/Paper2D/Content/PlaceholderTextures/DummySpriteTexture.uasset" 334
"../../Plugins/2D/Paper2D/Content/DummySprite.uasset" 335
"../../Plugins/2D/Paper2D/Content/DefaultPaperTerrainMaterial.uasset" 336
"../../Plugins/2D/Paper2D/Content/DefaultSpriteMaterial.uasset" 337
"../../Plugins/2D/Paper2D/Content/MaskedUnlitSpriteMaterial.uasset" 338
"../../Plugins/2D/Paper2D/Content/OpaqueUnlitSpriteMaterial.uasset" 339
"../../Plugins/FX/Niagara/Content/Enums/ENiagaraCoordinateSpace.uasset" 340
"../../Plugins/FX/Niagara/Content/Enums/ENiagaraOrientationAxis.uasset" 341
"../../Plugins/FX/Niagara/Content/Enums/ENiagaraRandomnessMode.uasset" 342
"../../Plugins/FX/Niagara/Content/Icons/S_ParticleSystem.uasset" 343
"../../../Engine/Content/BasicShapes/Cylinder.uasset" 344
"../../../Engine/Content/ArtTools/RenderToTexture/Materials/Debug/M_Emissive_Color.uasset" 345
"../../Plugins/Lumin/MagicLeapPassableWorld/Content/MagicLeapARPinInfoActor.uasset" 346
"../../Plugins/Editor/SpeedTreeImporter/Content/SpeedTree9/UnpackInteger3.uasset" 347
"../../Plugins/Editor/SpeedTreeImporter/Content/SpeedTree9/UnpackDirection.uasset" 348
"../../Plugins/Editor/SpeedTreeImporter/Content/SpeedTree9/game_wind_noise.uasset" 349
"../../../Engine/Content/Functions/Engine_MaterialFunctions02/SafeNormalize.uasset" 350
"../../Plugins/Editor/SpeedTreeImporter/Content/SpeedTree9/SpeedTreeWindMotion.uasset" 351
"../../Plugins/Editor/SpeedTreeImporter/Content/SpeedTree9/SpeedTreeBranchMotion.uasset" 352
"../../../Engine/Content/Functions/Engine_MaterialFunctions02/ObjectLocalBounds.uasset" 353
"../../../Engine/Content/Functions/Engine_MaterialFunctions02/UVs/BoundingBoxBased_0-1_UVW.uasset" 354
"../../Plugins/Editor/SpeedTreeImporter/Content/SpeedTree9/SpeedTreeWind.uasset" 355
"../../Plugins/Editor/SpeedTreeImporter/Content/SpeedTree9/SpeedTreeBillboard.uasset" 356
"../../../Engine/Content/EngineResources/DefaultTexture.uasset" 357
"../../Plugins/Editor/SpeedTreeImporter/Content/SpeedTree9/SpeedTreeBillboardMaster.uasset" 358
"../../Plugins/Editor/SpeedTreeImporter/Content/SpeedTree9/SpeedTreeCameraFacing.uasset" 359
"../../Plugins/Editor/SpeedTreeImporter/Content/SpeedTree9/SpeedTreeMaster.uasset" 360
"../../../Engine/Content/Functions/Engine_MaterialFunctions02/Utility/BreakOutFloat4Components.uasset" 361
"../../Plugins/Runtime/Oculus/OculusVR/Content/Materials/OculusMR_ChromaKey.uasset" 362
"../../Plugins/Runtime/Oculus/OculusVR/Content/Materials/OculusMR_OpaqueColoredMaterial.uasset" 363
"../../Plugins/Runtime/Oculus/OculusVR/Content/Materials/PokeAHoleMaterial.uasset" 364
"../../../Engine/Content/Maps/Entry_BuiltData.uasset" 365
"../../../Engine/Content/Maps/Entry.umap" 366
"../../../../UE_WORKSPACE/Projects/Multitascats/Content/LowPoly_Cat/Meshes/Mesh_Cat_black.uasset" 367
"../../../../UE_WORKSPACE/Projects/Multitascats/Content/PolygonTown/Textures/T_PolygonTown_01_A.uasset" 368
"../../../../UE_WORKSPACE/Projects/Multitascats/Content/PolygonTown/Textures/Misc/T_PolygonTown_Roughness.uasset" 369
"../../../../UE_WORKSPACE/Projects/Multitascats/Content/PolygonTown/Textures/Misc/T_PolygonTown_Normal_A.uasset" 370
"../../../../UE_WORKSPACE/Projects/Multitascats/Content/PolygonTown/Textures/Misc/T_PolygonTown_Metallic.uasset" 371
"../../../../UE_WORKSPACE/Projects/Multitascats/Content/PolygonTown/Textures/Misc/T_PolygonTown_Emissive_01.uasset" 372
"../../../../UE_WORKSPACE/Projects/Multitascats/Content/PolygonTown/Materials/Mat_PolygonTown_01_A.uasset" 373
"../../../../UE_WORKSPACE/Projects/Multitascats/Content/PolygonTown/Meshes/Generic/SM_Generic_Mountains_Soft_01.uasset" 374
"../../../../UE_WORKSPACE/Projects/Multitascats/Content/PolygonTown/Meshes/Generic/SM_Generic_Mountains_Grass_02.uasset" 375
"../../../../UE_WORKSPACE/Projects/Multitascats/Content/PolygonTown/Materials/Misc/Mat_Cloud.uasset" 376
"../../../../UE_WORKSPACE/Projects/Multitascats/Content/PolygonTown/Meshes/Generic/SM_Generic_Cloud_05.uasset" 377
"../../../../UE_WORKSPACE/Projects/Multitascats/Content/PolygonTown/Meshes/Generic/SM_Generic_Cloud_04.uasset" 378
"../../../../UE_WORKSPACE/Projects/Multitascats/Content/PolygonTown/Meshes/Generic/SM_Generic_Cloud_03.uasset" 379
"../../../../UE_WORKSPACE/Projects/Multitascats/Content/PolygonTown/Meshes/Generic/SM_Generic_Cloud_01.uasset" 380
"../../../../UE_WORKSPACE/Projects/Multitascats/Content/PolygonTown/Meshes/Environment/SM_Env_Tree_Tall_02.uasset" 381
"../../../../UE_WORKSPACE/Projects/Multitascats/Content/PolygonTown/Meshes/Environment/SM_Env_Tree_Tall_01.uasset" 382
"../../../../UE_WORKSPACE/Projects/Multitascats/Content/PolygonTown/Meshes/Environment/SM_Env_Tree_03.uasset" 383
"../../../../UE_WORKSPACE/Projects/Multitascats/Content/PolygonTown/Meshes/Environment/SM_Env_Tree_02.uasset" 384
"../../../../UE_WORKSPACE/Projects/Multitascats/Content/PolygonTown/Meshes/Environment/SM_Env_Tree_01.uasset" 385
"../../../../UE_WORKSPACE/Projects/Multitascats/Content/PolygonTown/Meshes/Environment/SM_Env_FlowerPatch_01.uasset" 386
"../../../../UE_WORKSPACE/Projects/Multitascats/Content/PN_LowpolyGras/Textures/Grass_02/grass_02_Brush_06_Vec.uasset" 387
"../../../../UE_WORKSPACE/Projects/Multitascats/Content/PN_LowpolyGras/Textures/Grass_02/grass_02_Brush_06_PIV.uasset" 388
"../../../../UE_WORKSPACE/Projects/Multitascats/Content/PN_LowpolyGras/Materials/PN_WindParameters.uasset" 389
"../../../Engine/Content/Functions/Engine_MaterialFunctions02/ExampleContent/PivotPainter2/test2_rgb_PivotPos_a_ParentIndexInt_UV_2.uasset" 390
"../../../Engine/Content/Functions/Engine_MaterialFunctions02/ExampleContent/Textures/WindTurblenceVectorAndGustMagnitude.uasset" 391
"../../../Engine/Content/Functions/Engine_MaterialFunctions02/PivotPainter2/ms_PivotPainter2_DecodePostion.uasset" 392
"../../../Engine/Content/Functions/Engine_MaterialFunctions02/PivotPainter2/ms_PivotPainter2_DecodeAxisVector.uasset" 393
"../../../Engine/Content/Functions/Engine_MaterialFunctions02/PivotPainter2/ms_PivotPainter2_Decode8BitAlphaAxisExtent.uasset" 394
"../../../Engine/Content/Functions/Engine_MaterialFunctions02/ExampleContent/PivotPainter2/SimpExPivPos.uasset" 395
"../../../Engine/Content/Functions/Engine_MaterialFunctions02/ExampleContent/PivotPainter2/PP2_rgb_XVect_a_XExtent.uasset" 396
"../../../Engine/Content/Functions/Engine_MaterialFunctions02/WorldPositionOffset/ObjectScale.uasset" 397
"../../../../UE_WORKSPACE/Projects/Multitascats/Content/PN_LowpolyGras/Materials/MaterialFunctions/PN_WindAnimation.uasset" 398
"../../../../UE_WORKSPACE/Projects/Multitascats/Content/PN_LowpolyGras/Materials/MaterialFunctions/PN_Bending.uasset" 399
"../../../Engine/Content/Functions/Engine_MaterialFunctions02/WorldPositionOffset/ObjectPivotPoint.uasset" 400
"../../../../UE_WORKSPACE/Projects/Multitascats/Content/PN_LowpolyGras/Materials/MaterialFunctions/PN_MultiBend.uasset" 401
"../../../../UE_WORKSPACE/Projects/Multitascats/Content/PN_LowpolyGras/Materials/MaterialFunctions/PN_BendingParameters.uasset" 402
"../../../Engine/Content/Functions/Engine_MaterialFunctions02/PivotPainter2/2dArrayLookupByIndex.uasset" 403
"../../../Engine/Content/Functions/Engine_MaterialFunctions02/PivotPainter2/ms_PivotPainter2_ReturnParentTextureInfo.uasset" 404
"../../../Engine/Content/Functions/Engine_MaterialFunctions02/PivotPainter2/ms_PivotPainter2_CalculateMeshElementIndex.uasset" 405
"../../../Engine/Content/Functions/Engine_MaterialFunctions02/ms_PivotPainter2_UnpackIntegerAsFloat.uasset" 406
"../../../Engine/Content/Functions/Engine_MaterialFunctions02/Math/TimeWithSpeedVariable.uasset" 407
"../../../Engine/Content/Functions/Engine_MaterialFunctions02/Lerp_Multiple_Float2.uasset" 408
"../../../../UE_WORKSPACE/Projects/Multitascats/Content/PN_LowpolyGras/Materials/MaterialFunctions/PN_AnimationShader.uasset" 409
"../../../../UE_WORKSPACE/Projects/Multitascats/Content/PN_LowpolyGras/Materials/MA_lowpolyGrass.uasset" 410
"../../../../UE_WORKSPACE/Projects/Multitascats/Content/PN_LowpolyGras/Materials/Grass_02/Grass_02_Brush_06_Mat.uasset" 411
"../../../../UE_WORKSPACE/Projects/Multitascats/Content/PN_LowpolyGras/Meshes/Grass_02/grass_02_Brush_06.uasset" 412
"../../../../UE_WORKSPACE/Projects/Multitascats/Content/PN_LowpolyGras/Textures/Grass_02/grass_02_Brush_05_Vec.uasset" 413
"../../../../UE_WORKSPACE/Projects/Multitascats/Content/PN_LowpolyGras/Textures/Grass_02/grass_02_Brush_05_PIV.uasset" 414
"../../../../UE_WORKSPACE/Projects/Multitascats/Content/PN_LowpolyGras/Materials/Grass_02/Grass_02_Brush_05_Mat.uasset" 415
"../../../../UE_WORKSPACE/Projects/Multitascats/Content/PN_LowpolyGras/Meshes/Grass_02/grass_02_Brush_05.uasset" 416
"../../../../UE_WORKSPACE/Projects/Multitascats/Content/PN_LowpolyGras/Textures/Grass_02/grass_02_Brush_04_Vec.uasset" 417
"../../../../UE_WORKSPACE/Projects/Multitascats/Content/PN_LowpolyGras/Textures/Grass_02/grass_02_Brush_04_PIV.uasset" 418
"../../../../UE_WORKSPACE/Projects/Multitascats/Content/PN_LowpolyGras/Materials/Grass_02/Grass_02_Brush_04_Mat.uasset" 419
"../../../../UE_WORKSPACE/Projects/Multitascats/Content/PN_LowpolyGras/Meshes/Grass_02/grass_02_Brush_04.uasset" 420
"../../../../UE_WORKSPACE/Projects/Multitascats/Content/PN_LowpolyGras/Textures/Grass_02/grass_02_Brush_03_Vec.uasset" 421
"../../../../UE_WORKSPACE/Projects/Multitascats/Content/PN_LowpolyGras/Textures/Grass_02/grass_02_Brush_03_PIV.uasset" 422
"../../../../UE_WORKSPACE/Projects/Multitascats/Content/PN_LowpolyGras/Materials/Grass_02/Grass_02_Brush_03_Mat.uasset" 423
"../../../../UE_WORKSPACE/Projects/Multitascats/Content/PN_LowpolyGras/Meshes/Grass_02/grass_02_Brush_03.uasset" 424
"../../../../UE_WORKSPACE/Projects/Multitascats/Content/PN_LowpolyGras/Textures/Grass_01/Grass_01_Brush_06_Vec.uasset" 425
"../../../../UE_WORKSPACE/Projects/Multitascats/Content/PN_LowpolyGras/Textures/Grass_01/Grass_01_Brush_06_PIV.uasset" 426
"../../../../UE_WORKSPACE/Projects/Multitascats/Content/PN_LowpolyGras/Materials/Grass_01/Grass_01_Brush_06_Mat.uasset" 427
"../../../../UE_WORKSPACE/Projects/Multitascats/Content/PN_LowpolyGras/Meshes/Grass_01/grass_01_Brush_06.uasset" 428
"../../../../UE_WORKSPACE/Projects/Multitascats/Content/PN_LowpolyGras/Textures/Grass_01/Grass_01_Brush_04_Vec.uasset" 429
"../../../../UE_WORKSPACE/Projects/Multitascats/Content/PN_LowpolyGras/Textures/Grass_01/Grass_01_Brush_04_PIV.uasset" 430
"../../../../UE_WORKSPACE/Projects/Multitascats/Content/PN_LowpolyGras/Materials/Grass_01/Grass_01_Brush_04_Mat.uasset" 431
"../../../../UE_WORKSPACE/Projects/Multitascats/Content/PN_LowpolyGras/Meshes/Grass_01/grass_01_Brush_04.uasset" 432
"../../../../UE_WORKSPACE/Projects/Multitascats/Content/PN_LowpolyGras/Textures/Grass_01/Grass_01_Brush_03_Vec.uasset" 433
"../../../../UE_WORKSPACE/Projects/Multitascats/Content/PN_LowpolyGras/Textures/Grass_01/Grass_01_Brush_03_PIV.uasset" 434
"../../../../UE_WORKSPACE/Projects/Multitascats/Content/PN_LowpolyGras/Materials/Grass_01/Grass_01_Brush_03_Mat.uasset" 435
"../../../../UE_WORKSPACE/Projects/Multitascats/Content/PN_LowpolyGras/Meshes/Grass_01/grass_01_Brush_03.uasset" 436
"../../../../UE_WORKSPACE/Projects/Multitascats/Content/PN_LowpolyGras/Textures/Grass_01/Grass_01_Brush_02_Vec.uasset" 437
"../../../../UE_WORKSPACE/Projects/Multitascats/Content/PN_LowpolyGras/Textures/Grass_01/Grass_01_Brush_02_PIV.uasset" 438
"../../../../UE_WORKSPACE/Projects/Multitascats/Content/PN_LowpolyGras/Materials/Grass_01/Grass_01_Brush_02_Mat.uasset" 439
"../../../../UE_WORKSPACE/Projects/Multitascats/Content/PN_LowpolyGras/Meshes/Grass_01/grass_01_Brush_02.uasset" 440
"../../../Engine/Content/Functions/Engine_MaterialFunctions01/Density/ExponentialDensity.uasset" 441
"../../../Engine/Content/Functions/Engine_MaterialFunctions01/Gradient/RadialGradientExponential.uasset" 442
"../../../../UE_WORKSPACE/Projects/Multitascats/Content/Multitascats/UI/Material/M_RoundedBorder.uasset" 443
"../../../../UE_WORKSPACE/Projects/Multitascats/Content/Multitascats/UI/Material/M_RoundedBorder_Inst.uasset" 444
"../../../../UE_WORKSPACE/Projects/Multitascats/Content/Multitascats/UI/Fonts/Raleway-Light.uasset" 445
"../../../../UE_WORKSPACE/Projects/Multitascats/Content/Multitascats/UI/Fonts/Raleway-Light_Font.uasset" 446
"../../../../UE_WORKSPACE/Projects/Multitascats/Content/Multitascats/UI/Widgets/MainMenu/WBP_GameSelection.uasset" 447
"../../../../UE_WORKSPACE/Projects/Multitascats/Content/Multitascats/UI/Icons/trophy-solid.uasset" 448
"../../../../UE_WORKSPACE/Projects/Multitascats/Content/Multitascats/UI/Icons/star-solid.uasset" 449
"../../../../UE_WORKSPACE/Projects/Multitascats/Content/Multitascats/UI/Icons/shopping-cart-solid.uasset" 450
"../../../../UE_WORKSPACE/Projects/Multitascats/Content/Multitascats/UI/Icons/share-alt-solid.uasset" 451
"../../../../UE_WORKSPACE/Projects/Multitascats/Content/Multitascats/UI/Icons/heart-solid.uasset" 452
"../../../../UE_WORKSPACE/Projects/Multitascats/Content/Multitascats/UI/Icons/gamepad-solid.uasset" 453
"../../../../UE_WORKSPACE/Projects/Multitascats/Content/Multitascats/UI/Icons/cogs-solid.uasset" 454
"../../../../UE_WORKSPACE/Projects/Multitascats/Content/Multitascats/UI/Icons/chart-bar-solid.uasset" 455
"../../../../UE_WORKSPACE/Projects/Multitascats/Content/Multitascats/UI/Icons/cat-solid.uasset" 456
"../../../../UE_WORKSPACE/Projects/Multitascats/Content/Multitascats/UI/Icons/arrow-left-solid.uasset" 457
"../../../../UE_WORKSPACE/Projects/Multitascats/Content/Multitascats/UI/BackgroundPicture/BackgroundMenu.uasset" 458
"../../../Engine/Content/EditorBlueprintResources/StandardMacros.uasset" 459
"../../../../UE_WORKSPACE/Projects/Multitascats/Content/Multitascats/UI/Widgets/MainMenu/WBP_MainMenu.uasset" 460
"../../../../UE_WORKSPACE/Projects/Multitascats/Content/Multitascats/UI/Audio/UI_SoundEffects/Wavs/215415__unfa__ping.uasset" 461
"../../../../UE_WORKSPACE/Projects/Multitascats/Content/Multitascats/UI/Audio/UI_SoundEffects/Cues/Start.uasset" 462
"../../../../UE_WORKSPACE/Projects/Multitascats/Content/Multitascats/UI/Widgets/MainMenu/WBP_Title.uasset" 463
"../../../../UE_WORKSPACE/Projects/Multitascats/Content/AnimalFarm/RuralAmbiences/Wavs/Rural_ambience__water_sprinklers__birdsong__light_wind.uasset" 464
"../../../../UE_WORKSPACE/Projects/Multitascats/Content/Multitascats/UI/Audio/Background/Cues/Rural_ambience__water_sprinklers__birdsong__light_wind_Cue.uasset" 465
"../../../../UE_WORKSPACE/Projects/Multitascats/Content/Multitascats/UI/Audio/Background/Wavs/Axletree_Reservoir_Sunset_Remastered.uasset" 466
"../../../../UE_WORKSPACE/Projects/Multitascats/Content/Multitascats/UI/Audio/Background/Cues/Axletree_Reservoir_Sunset_Remastered_Cue.uasset" 467
"../../../../UE_WORKSPACE/Projects/Multitascats/Content/Multitascats/Maps/Menu/menu_BuiltData.uasset" 468
"../../../../UE_WORKSPACE/Projects/Multitascats/Content/Multitascats/GlobalBlueprints/BP_GameModeMenu.uasset" 469
"../../../Engine/Content/Animation/DefaultAnimCurveCompressionSettings.uasset" 470
"../../../Engine/Content/Animation/DefaultAnimBoneCompressionSettings.uasset" 471
"../../../../UE_WORKSPACE/Projects/Multitascats/Content/LowPoly_Cat/Animations/Anim_Cat_Sitting_idle_2.uasset" 472
"../../../../UE_WORKSPACE/Projects/Multitascats/Content/LowPoly_Cat/Animations/Anim_Cat_Idle_3.uasset" 473
"../../../../UE_WORKSPACE/Projects/Multitascats/Content/LowPoly_Cat/Animations/Anim_Cat_Idle_1.uasset" 474
"../../../../UE_WORKSPACE/Projects/Multitascats/Content/AnimatedPondFish/Fish/Textures/T_white_red_BC.uasset" 475
"../../../../UE_WORKSPACE/Projects/Multitascats/Content/AnimatedPondFish/Fish/Materials/M_white_red.uasset" 476
"../../../../UE_WORKSPACE/Projects/Multitascats/Content/AnimatedPondFish/Fish/Textures/T_grey_BC.uasset" 477
"../../../../UE_WORKSPACE/Projects/Multitascats/Content/AnimatedPondFish/Fish/Materials/M_grey.uasset" 478
"../../../../UE_WORKSPACE/Projects/Multitascats/Content/AnimatedPondFish/Fish/Meshes/SKM_Fish_Skeleton.uasset" 479
"../../../../UE_WORKSPACE/Projects/Multitascats/Content/AnimatedPondFish/Fish/Meshes/SKM_Fish_PhysicsAsset.uasset" 480
"../../../../UE_WORKSPACE/Projects/Multitascats/Content/AnimatedPondFish/Fish/Meshes/SKM_Fish.uasset" 481
"../../../../UE_WORKSPACE/Projects/Multitascats/Content/AnimatedPondFish/Fish/Scripts/BP_FishMovement.uasset" 482
"../../../../UE_WORKSPACE/Projects/Multitascats/Content/AnimatedPondFish/Fish/Meshes/SKM_Fish_Animation.uasset" 483
"../../../../UE_WORKSPACE/Projects/Multitascats/Content/AnimatedPondFish/Fish/Blueprints/BP_Fish_white_red.uasset" 484
"../../../../UE_WORKSPACE/Projects/Multitascats/Content/AnimatedPondFish/Fish/Textures/T_white_orange_BC.uasset" 485
"../../../../UE_WORKSPACE/Projects/Multitascats/Content/AnimatedPondFish/Fish/Materials/M_white_orange.uasset" 486
"../../../../UE_WORKSPACE/Projects/Multitascats/Content/AnimatedPondFish/Fish/Blueprints/BP_Fish_white_orange.uasset" 487
"../../../../UE_WORKSPACE/Projects/Multitascats/Content/AnimatedPondFish/Fish/Textures/T_orange_white_BC.uasset" 488
"../../../../UE_WORKSPACE/Projects/Multitascats/Content/AnimatedPondFish/Fish/Materials/M_orange_white.uasset" 489
"../../../../UE_WORKSPACE/Projects/Multitascats/Content/AnimatedPondFish/Fish/Blueprints/BP_Fish_orange_white.uasset" 490
"../../../../UE_WORKSPACE/Projects/Multitascats/Content/AnimatedPondFish/Fish/Textures/T_orange_BC.uasset" 491
"../../../../UE_WORKSPACE/Projects/Multitascats/Content/AnimatedPondFish/Fish/Materials/M_orange.uasset" 492
"../../../../UE_WORKSPACE/Projects/Multitascats/Content/AnimatedPondFish/Fish/Blueprints/BP_Fish_orange.uasset" 493
"../../../../UE_WORKSPACE/Projects/Multitascats/Content/AnimatedPondFish/Fish/Blueprints/BP_Fish_grey.uasset" 494
"../../../../UE_WORKSPACE/Projects/Multitascats/Content/AnimatedPondFish/Environment/Textures/T_fish_plants_BC.uasset" 495
"../../../../UE_WORKSPACE/Projects/Multitascats/Content/AnimatedPondFish/Environment/Materials/M_fish_plants.uasset" 496
"../../../../UE_WORKSPACE/Projects/Multitascats/Content/AnimatedPondFish/Environment/Meshes/SM_water_lily_03.uasset" 497
"../../../../UE_WORKSPACE/Projects/Multitascats/Content/AnimatedPondFish/Environment/Meshes/SM_water_lily_flower_02.uasset" 498
"../../../../UE_WORKSPACE/Projects/Multitascats/Content/AnimatedPondFish/Environment/Meshes/SM_water_lily_flower_01.uasset" 499
"../../../../UE_WORKSPACE/Projects/Multitascats/Content/AnimatedPondFish/Environment/Textures/T_fish_terrain_BC.uasset" 500
"../../../../UE_WORKSPACE/Projects/Multitascats/Content/AnimatedPondFish/Environment/Materials/M_fish_terrain.uasset" 501
"../../../../UE_WORKSPACE/Projects/Multitascats/Content/AnimatedPondFish/Environment/Meshes/SM_Terrain.uasset" 502
"../../../../UE_WORKSPACE/Projects/Multitascats/Content/AnimatedPondFish/Environment/Textures/T_stones_BC.uasset" 503
"../../../../UE_WORKSPACE/Projects/Multitascats/Content/AnimatedPondFish/Environment/Materials/M_stones.uasset" 504
"../../../../UE_WORKSPACE/Projects/Multitascats/Content/AnimatedPondFish/Environment/Meshes/SM_Stones.uasset" 505
"../../../../UE_WORKSPACE/Projects/Multitascats/Content/AnimatedPondFish/Environment/Meshes/SM_Statue.uasset" 506
"../../../../UE_WORKSPACE/Projects/Multitascats/Content/AnimatedPondFish/Environment/Meshes/SM_Rock_03.uasset" 507
"../../../../UE_WORKSPACE/Projects/Multitascats/Content/AnimatedPondFish/Environment/Meshes/SM_Rock_02.uasset" 508
"../../../../UE_WORKSPACE/Projects/Multitascats/Content/AnimatedPondFish/Environment/Textures/T_grass2_BC.uasset" 509
"../../../../UE_WORKSPACE/Projects/Multitascats/Content/AnimatedPondFish/Environment/Materials/M_grass2.uasset" 510
"../../../../UE_WORKSPACE/Projects/Multitascats/Content/LowPoly_Cat/Meshes/Mesh_Cat_Black_White.uasset" 511
"../../../../UE_WORKSPACE/Projects/Multitascats/Content/GoodSky/Source/Textures/T_GoodSky_Stars.uasset" 512
"../../../../UE_WORKSPACE/Projects/Multitascats/Content/GoodSky/Source/Textures/T_GoodSky_noise_smooth.uasset" 513
"../../../../UE_WORKSPACE/Projects/Multitascats/Content/GoodSky/Source/Textures/T_GoodSky_clouds_sphere.uasset" 514
"../../../../UE_WORKSPACE/Projects/Multitascats/Content/GoodSky/Source/Textures/T_GoodSky_clouds_B.uasset" 515
"../../../../UE_WORKSPACE/Projects/Multitascats/Content/GoodSky/Source/Textures/T_GoodSky_clouds_F.uasset" 516
"../../../../UE_WORKSPACE/Projects/Multitascats/Content/GoodSky/Source/Textures/T_GoodSky_clouds_D.uasset" 517
"../../../../UE_WORKSPACE/Projects/Multitascats/Content/GoodSky/Source/Textures/T_GoodSky_clouds_A.uasset" 518
"../../../Engine/Content/Functions/Engine_MaterialFunctions01/Gradient/LinearGradient.uasset" 519
"../../../../UE_WORKSPACE/Projects/Multitascats/Content/GoodSky/Source/Materials/Material_Function/MF_GoodSky_Top_part_alpha.uasset" 520
"../../../../UE_WORKSPACE/Projects/Multitascats/Content/GoodSky/Source/Materials/Material_Function/MF_GoodSky_Time.uasset" 521
"../../../../UE_WORKSPACE/Projects/Multitascats/Content/GoodSky/Source/Materials/Material_Function/MF_GoodSky_SkyDomeAlpha.uasset" 522
"../../../../UE_WORKSPACE/Projects/Multitascats/Content/GoodSky/Source/Materials/Material_Function/MF_GoodSky_Global_Setting.uasset" 523
"../../../../UE_WORKSPACE/Projects/Multitascats/Content/GoodSky/Source/Materials/Material_Function/MF_GoodSky_Clouds_Setting.uasset" 524
"../../../../UE_WORKSPACE/Projects/Multitascats/Content/GoodSky/Source/Materials/M_GoodSky_Sun_Stars.uasset" 525
"../../../../UE_WORKSPACE/Projects/Multitascats/Content/GoodSky/Source/Textures/T_GoodSky_clouds_E.uasset" 526
"../../../../UE_WORKSPACE/Projects/Multitascats/Content/GoodSky/Source/Textures/T_GoodSky_clouds_C.uasset" 527
"../../../../UE_WORKSPACE/Projects/Multitascats/Content/GoodSky/Source/Materials/M_GoodSky_Base.uasset" 528
"../../../../UE_WORKSPACE/Projects/Multitascats/Content/GoodSky/Source/Mesh/SM_GoodSky_Sphere.uasset" 529
"../../../../UE_WORKSPACE/Projects/Multitascats/Content/GoodSky/Source/Mesh/SM_GoodSky_Hemisphere.uasset" 530
"../../../../UE_WORKSPACE/Projects/Multitascats/Content/GoodSky/Source/Data/Structure/Structure_GoodSky.uasset" 531
"../../../../UE_WORKSPACE/Projects/Multitascats/Content/GoodSky/Source/Data/Enum/Enum_GoodSky_Style_Clouds.uasset" 532
"../../../../UE_WORKSPACE/Projects/Multitascats/Content/GoodSky/Source/Data/Enum/Enum_GoodSky_MeshType.uasset" 533
"../../../../UE_WORKSPACE/Projects/Multitascats/Content/GoodSky/Source/Data/Enum/Enum_GoodSky_Effects.uasset" 534
"../../../../UE_WORKSPACE/Projects/Multitascats/Content/GoodSky/Source/Data/Enum/Enum_GoodSky_Clouds_Coverage.uasset" 535
"../../../../UE_WORKSPACE/Projects/Multitascats/Content/GoodSky/Source/ArrowTool/M_GoodSky_Sun_Emissive.uasset" 536
"../../../../UE_WORKSPACE/Projects/Multitascats/Content/GoodSky/Source/ArrowTool/SM_GoodSky_StarMesh.uasset" 537
"../../../../UE_WORKSPACE/Projects/Multitascats/Content/GoodSky/Source/Textures/T_GoodSky_Moon.uasset" 538
"../../../Engine/Content/Functions/Engine_MaterialFunctions01/Texturing/ScaleUVsAroundPoint.uasset" 539
"../../../../UE_WORKSPACE/Projects/Multitascats/Content/GoodSky/Source/Materials/Material_Function/MF_GoodSky_Moon_Setting.uasset" 540
"../../../../UE_WORKSPACE/Projects/Multitascats/Content/GoodSky/Source/Materials/M_GoodSky_Sun_Stars_Moon.uasset" 541
"../../../../UE_WORKSPACE/Projects/Multitascats/Content/GoodSky/Source/Materials/Material_Function/MF_GoodSky_LightningFlick.uasset" 542
"../../../../UE_WORKSPACE/Projects/Multitascats/Content/GoodSky/Source/Textures/T_GoodSky_Lightning.uasset" 543
"../../../Engine/Content/Functions/Engine_MaterialFunctions02/Utility/DebugFloat3Values.uasset" 544
"../../../Engine/Content/Functions/Engine_MaterialFunctions02/Math/RGBtoHSV.uasset" 545
"../../../Engine/Content/Functions/Engine_MaterialFunctions01/ImageAdjustment/DeriveHDRfromLDR.uasset" 546
"../../../../UE_WORKSPACE/Projects/Multitascats/Content/GoodSky/Source/Materials/M_GoodSky_Storm.uasset" 547
"../../../../UE_WORKSPACE/Projects/Multitascats/Content/GoodSky/Source/Materials/M_GoodSky_Moon.uasset" 548
"../../../../UE_WORKSPACE/Projects/Multitascats/Content/GoodSky/Source/ArrowTool/T_GoodSky_SkyRing.uasset" 549
"../../../../UE_WORKSPACE/Projects/Multitascats/Content/GoodSky/Source/ArrowTool/M_GoodSky_SkyRing_.uasset" 550
"../../../../UE_WORKSPACE/Projects/Multitascats/Content/GoodSky/Source/Data/DataTable/DataTable_GoodSky.uasset" 551
"../../../../UE_WORKSPACE/Projects/Multitascats/Content/GoodSky/Source/Data/Curve/Curve_GoodSky_SunDirection_Vector1.uasset" 552
"../../../../UE_WORKSPACE/Projects/Multitascats/Content/GoodSky/Source/Data/Curve/Curve_GoodSky_SunDirection_Vector.uasset" 553
"../../../../UE_WORKSPACE/Projects/Multitascats/Content/GoodSky/Source/Data/Curve/Curve_GoodSky_horizon_Color.uasset" 554
"../../../../UE_WORKSPACE/Projects/Multitascats/Content/GoodSky/Source/Data/Curve/Curve_GoodSky_DomeColor.uasset" 555
"../../../../UE_WORKSPACE/Projects/Multitascats/Content/GoodSky/Source/Data/Enum/Enum_GoodSky_Preset.uasset" 556
"../../../../UE_WORKSPACE/Projects/Multitascats/Content/GoodSky/Source/Data/Curve/Curve_GoodSky_BaseCloudColor.uasset" 557
"../../../../UE_WORKSPACE/Projects/Multitascats/Content/GoodSky/Source/Data/Curve/Curve_GoodSky_AllOverlayColor.uasset" 558
"../../../../UE_WORKSPACE/Projects/Multitascats/Content/GoodSky/Source/Data/Curve/Curve_GoodSky_SunLight.uasset" 559
"../../../../UE_WORKSPACE/Projects/Multitascats/Content/GoodSky/Source/Data/Curve/Curve_GoodSky_Stars.uasset" 560
"../../../Engine/Content/BasicShapes/Sphere.uasset" 561
"../../../Engine/Content/BasicShapes/Plane.uasset" 562
"../../../../UE_WORKSPACE/Projects/Multitascats/Content/GoodSky/Blueprint/BP_GoodSky.uasset" 563
"../../../Engine/Content/Functions/Engine_MaterialFunctions02/ExampleContent/Textures/water_n.uasset" 564
"../../../../UE_WORKSPACE/Projects/Multitascats/Content/AnimatedPondFish/Water/Materials/M_Water.uasset" 565
"../../../Engine/Content/BasicShapes/Cube.uasset" 566
"../../../../UE_WORKSPACE/Projects/Multitascats/Content/AnimatedPondFish/Water/Blueprints/BP_Water.uasset" 567
"../../../Engine/Content/BasicShapes/BasicShapeMaterial.uasset" 568
"../../../../UE_WORKSPACE/Projects/Multitascats/Content/Multitascats/Maps/Menu/menu.umap" 569
"../../../../UE_WORKSPACE/Projects/Multitascats/Content/Multitascats/UI/Widgets/InGame/WBP_InGameOverlay.uasset" 570
"../../../../UE_WORKSPACE/Projects/Multitascats/Content/Multitascats/Maps/Classic_Basic/CB1_BuiltData.uasset" 571
"../../../../UE_WORKSPACE/Projects/Multitascats/Content/Multitascats/Materials/M_FlatBase.uasset" 572
"../../../../UE_WORKSPACE/Projects/Multitascats/Content/Multitascats/Materials/MI_FlatWhite.uasset" 573
"../../../../UE_WORKSPACE/Projects/Multitascats/Content/Multitascats/Materials/MI_FlatBlue.uasset" 574
"../../../Engine/Content/MapTemplates/SM_Template_Map_Floor.uasset" 575
"../../../../UE_WORKSPACE/Projects/Multitascats/Content/Multitascats/Maps/Classic_Basic/CB1.umap" 576
